# JRE version: OpenJDK Runtime Environment (25.0.3) (build 25.0.3+-15898627-b508.16)
# Java VM: OpenJDK 64-Bit Server VM (25.0.3+-15898627-b508.16, mixed mode, tiered, compressed oops, compressed class ptrs, g1 gc, windows-amd64)
GC Precious Log:
 CardTable entry size: 512
 Card Set container configuration: InlinePtr #cards 4 size 8 Array Of Cards #cards 16 size 48 Howl #buckets 8 coarsen threshold 3686 Howl Bitmap #cards 512 size 80 coarsen threshold 460 Card regions per heap region 1 cards per card region 4096
 CPUs: 8 total, 8 available
 Memory: 8116M
 Large Page Support: Disabled
 NUMA Support: Disabled
 Compressed Oops: Enabled (Zero based)
 Heap Region Size: 2M
 Heap Min Capacity: 8M
 Heap Initial Capacity: 128M
 Heap Max Capacity: 4G
 Pre-touch: Disabled
 Parallel Workers: 8
 Concurrent Workers: 2
 Concurrent Refinement Workers: 8
 Periodic GC: Disabled
Heap:
 garbage-first heap   total reserved 4194304K, committed 256000K, used 98609K [0x0000000700000000, 0x0000000800000000)
  region size 2048K, 6 young (12288K), 6 survivors (12288K)
GC Heap Usage History (20 events):
Event: 10.108 {heap After GC invocations=28 (full 0):
 garbage-first heap   total reserved 4194304K, committed 196608K, used 62543K [0x0000000700000000, 0x0000000800000000)
  region size 2048K, 7 young (14336K), 7 survivors (14336K)
}
Event: 10.371 {heap Before GC invocations=28 (full 0):
 garbage-first heap   total reserved 4194304K, committed 196608K, used 162895K [0x0000000700000000, 0x0000000800000000)
  region size 2048K, 57 young (116736K), 7 survivors (14336K)
}
Event: 10.375 {heap After GC invocations=29 (full 0):
 garbage-first heap   total reserved 4194304K, committed 196608K, used 66777K [0x0000000700000000, 0x0000000800000000)
  region size 2048K, 5 young (10240K), 5 survivors (10240K)
}
Event: 10.746 {heap Before GC invocations=30 (full 0):
 garbage-first heap   total reserved 4194304K, committed 196608K, used 173273K [0x0000000700000000, 0x0000000800000000)
  region size 2048K, 57 young (116736K), 5 survivors (10240K)
}
Event: 10.751 {heap After GC invocations=31 (full 0):
 garbage-first heap   total reserved 4194304K, committed 196608K, used 75641K [0x0000000700000000, 0x0000000800000000)
  region size 2048K, 6 young (12288K), 6 survivors (12288K)
}
Event: 11.048 {heap Before GC invocations=31 (full 0):
 garbage-first heap   total reserved 4194304K, committed 196608K, used 180089K [0x0000000700000000, 0x0000000800000000)
  region size 2048K, 57 young (116736K), 6 survivors (12288K)
}
Event: 11.053 {heap After GC invocations=32 (full 0):
 garbage-first heap   total reserved 4194304K, committed 200704K, used 78748K [0x0000000700000000, 0x0000000800000000)
  region size 2048K, 6 young (12288K), 6 survivors (12288K)
}
Event: 11.285 {heap Before GC invocations=32 (full 0):
 garbage-first heap   total reserved 4194304K, committed 200704K, used 185244K [0x0000000700000000, 0x0000000800000000)
  region size 2048K, 58 young (118784K), 6 survivors (12288K)
}
Event: 11.290 {heap After GC invocations=33 (full 0):
 garbage-first heap   total reserved 4194304K, committed 243712K, used 83620K [0x0000000700000000, 0x0000000800000000)
  region size 2048K, 5 young (10240K), 5 survivors (10240K)
}
Event: 11.598 {heap Before GC invocations=34 (full 0):
 garbage-first heap   total reserved 4194304K, committed 243712K, used 218788K [0x0000000700000000, 0x0000000800000000)
  region size 2048K, 71 young (145408K), 5 survivors (10240K)
}
Event: 11.602 {heap After GC invocations=35 (full 0):
 garbage-first heap   total reserved 4194304K, committed 243712K, used 90670K [0x0000000700000000, 0x0000000800000000)
  region size 2048K, 8 young (16384K), 8 survivors (16384K)
}
Event: 12.074 {heap Before GC invocations=35 (full 0):
 garbage-first heap   total reserved 4194304K, committed 243712K, used 219694K [0x0000000700000000, 0x0000000800000000)
  region size 2048K, 71 young (145408K), 8 survivors (16384K)
}
Event: 12.080 {heap After GC invocations=36 (full 0):
 garbage-first heap   total reserved 4194304K, committed 243712K, used 87399K [0x0000000700000000, 0x0000000800000000)
  region size 2048K, 6 young (12288K), 6 survivors (12288K)
}
Event: 12.419 {heap Before GC invocations=36 (full 0):
 garbage-first heap   total reserved 4194304K, committed 243712K, used 220519K [0x0000000700000000, 0x0000000800000000)
  region size 2048K, 71 young (145408K), 6 survivors (12288K)
}
Event: 12.425 {heap After GC invocations=37 (full 0):
 garbage-first heap   total reserved 4194304K, committed 243712K, used 94356K [0x0000000700000000, 0x0000000800000000)
  region size 2048K, 7 young (14336K), 7 survivors (14336K)
}
Event: 12.792 {heap Before GC invocations=38 (full 0):
 garbage-first heap   total reserved 4194304K, committed 243712K, used 223380K [0x0000000700000000, 0x0000000800000000)
  region size 2048K, 71 young (145408K), 7 survivors (14336K)
}
Event: 12.798 {heap After GC invocations=39 (full 0):
 garbage-first heap   total reserved 4194304K, committed 247808K, used 104076K [0x0000000700000000, 0x0000000800000000)
  region size 2048K, 7 young (14336K), 7 survivors (14336K)
}
Event: 13.146 {heap Before GC invocations=39 (full 0):
 garbage-first heap   total reserved 4194304K, committed 247808K, used 233100K [0x0000000700000000, 0x0000000800000000)
  region size 2048K, 70 young (143360K), 7 survivors (14336K)
}
Event: 13.152 {heap After GC invocations=40 (full 0):
 garbage-first heap   total reserved 4194304K, committed 256000K, used 93628K [0x0000000700000000, 0x0000000800000000)
  region size 2048K, 7 young (14336K), 7 survivors (14336K)
}
Event: 13.449 {heap Before GC invocations=40 (full 0):
 garbage-first heap   total reserved 4194304K, committed 256000K, used 232892K [0x0000000700000000, 0x0000000800000000)
  region size 2048K, 75 young (153600K), 7 survivors (14336K)
}

