# JRE version: OpenJDK Runtime Environment (25.0.3) (build 25.0.3+-15898627-b508.16)
# Java VM: OpenJDK 64-Bit Server VM (25.0.3+-15898627-b508.16, mixed mode, tiered, compressed oops, compressed class ptrs, g1 gc, windows-amd64)
GC Precious Log:
 CardTable entry size: 512
 Card Set container configuration: InlinePtr #cards 4 size 8 Array Of Cards #cards 16 size 48 Howl #buckets 8 coarsen threshold 3686 Howl Bitmap #cards 512 size 80 coarsen threshold 460 Card regions per heap region 1 cards per card region 4096
 CPUs: 8 total, 8 available
 Memory: 8116M
 Large Page Support: Disabled
 NUMA Support: Disabled
 Compressed Oops: Enabled (Zero based)
 Heap Region Size: 2M
 Heap Min Capacity: 8M
 Heap Initial Capacity: 128M
 Heap Max Capacity: 4G
 Pre-touch: Disabled
 Parallel Workers: 8
 Concurrent Workers: 2
 Concurrent Refinement Workers: 8
 Periodic GC: Disabled
Heap:
 garbage-first heap   total reserved 4194304K, committed 368640K, used 337757K [0x0000000700000000, 0x0000000800000000)
  region size 2048K, 102 young (208896K), 10 survivors (20480K)
GC Heap Usage History (20 events):
Event: 18.769 {heap Before GC invocations=57 (full 0):
 garbage-first heap   total reserved 4194304K, committed 260096K, used 239308K [0x0000000700000000, 0x0000000800000000)
  region size 2048K, 69 young (141312K), 7 survivors (14336K)
}
Event: 18.777 {heap After GC invocations=58 (full 0):
 garbage-first heap   total reserved 4194304K, committed 262144K, used 114648K [0x0000000700000000, 0x0000000800000000)
  region size 2048K, 8 young (16384K), 8 survivors (16384K)
}
Event: 19.152 {heap Before GC invocations=58 (full 0):
 garbage-first heap   total reserved 4194304K, committed 262144K, used 241624K [0x0000000700000000, 0x0000000800000000)
  region size 2048K, 70 young (143360K), 8 survivors (16384K)
}
Event: 19.161 {heap After GC invocations=59 (full 0):
 garbage-first heap   total reserved 4194304K, committed 268288K, used 122751K [0x0000000700000000, 0x0000000800000000)
  region size 2048K, 9 young (18432K), 9 survivors (18432K)
}
Event: 19.546 {heap Before GC invocations=60 (full 0):
 garbage-first heap   total reserved 4194304K, committed 268288K, used 247679K [0x0000000700000000, 0x0000000800000000)
  region size 2048K, 70 young (143360K), 9 survivors (18432K)
}
Event: 19.552 {heap After GC invocations=61 (full 0):
 garbage-first heap   total reserved 4194304K, committed 272384K, used 127397K [0x0000000700000000, 0x0000000800000000)
  region size 2048K, 8 young (16384K), 8 survivors (16384K)
}
Event: 19.859 {heap Before GC invocations=61 (full 0):
 garbage-first heap   total reserved 4194304K, committed 272384K, used 252325K [0x0000000700000000, 0x0000000800000000)
  region size 2048K, 69 young (141312K), 8 survivors (16384K)
}
Event: 19.866 {heap After GC invocations=62 (full 0):
 garbage-first heap   total reserved 4194304K, committed 278528K, used 114313K [0x0000000700000000, 0x0000000800000000)
  region size 2048K, 7 young (14336K), 7 survivors (14336K)
}
Event: 20.083 {heap Before GC invocations=62 (full 0):
 garbage-first heap   total reserved 4194304K, committed 278528K, used 253577K [0x0000000700000000, 0x0000000800000000)
  region size 2048K, 76 young (155648K), 7 survivors (14336K)
}
Event: 20.089 {heap After GC invocations=63 (full 0):
 garbage-first heap   total reserved 4194304K, committed 335872K, used 121517K [0x0000000700000000, 0x0000000800000000)
  region size 2048K, 7 young (14336K), 7 survivors (14336K)
}
Event: 20.664 {heap Before GC invocations=64 (full 0):
 garbage-first heap   total reserved 4194304K, committed 335872K, used 305837K [0x0000000700000000, 0x0000000800000000)
  region size 2048K, 97 young (198656K), 7 survivors (14336K)
}
Event: 20.668 {heap After GC invocations=65 (full 0):
 garbage-first heap   total reserved 4194304K, committed 335872K, used 131149K [0x0000000700000000, 0x0000000800000000)
  region size 2048K, 12 young (24576K), 12 survivors (24576K)
}
Event: 20.886 {heap Before GC invocations=65 (full 0):
 garbage-first heap   total reserved 4194304K, committed 335872K, used 307277K [0x0000000700000000, 0x0000000800000000)
  region size 2048K, 98 young (200704K), 12 survivors (24576K)
}
Event: 20.895 {heap After GC invocations=66 (full 0):
 garbage-first heap   total reserved 4194304K, committed 342016K, used 126188K [0x0000000700000000, 0x0000000800000000)
  region size 2048K, 9 young (18432K), 9 survivors (18432K)
}
Event: 21.180 {heap Before GC invocations=66 (full 0):
 garbage-first heap   total reserved 4194304K, committed 342016K, used 310508K [0x0000000700000000, 0x0000000800000000)
  region size 2048K, 100 young (204800K), 9 survivors (18432K)
}
Event: 21.188 {heap After GC invocations=67 (full 0):
 garbage-first heap   total reserved 4194304K, committed 346112K, used 138348K [0x0000000700000000, 0x0000000800000000)
  region size 2048K, 11 young (22528K), 11 survivors (22528K)
}
Event: 21.586 {heap Before GC invocations=68 (full 0):
 garbage-first heap   total reserved 4194304K, committed 346112K, used 320620K [0x0000000700000000, 0x0000000800000000)
  region size 2048K, 100 young (204800K), 11 survivors (22528K)
}
Event: 21.596 {heap After GC invocations=69 (full 0):
 garbage-first heap   total reserved 4194304K, committed 354304K, used 148377K [0x0000000700000000, 0x0000000800000000)
  region size 2048K, 12 young (24576K), 12 survivors (24576K)
}
Event: 21.951 {heap Before GC invocations=69 (full 0):
 garbage-first heap   total reserved 4194304K, committed 354304K, used 324505K [0x0000000700000000, 0x0000000800000000)
  region size 2048K, 99 young (202752K), 12 survivors (24576K)
}
Event: 21.965 {heap After GC invocations=70 (full 0):
 garbage-first heap   total reserved 4194304K, committed 368640K, used 149341K [0x0000000700000000, 0x0000000800000000)
  region size 2048K, 12 young (24576K), 12 survivors (24576K)
}

